[0.055s] Invoking command in '/home/tiger/桌面/turtle_chase_package/build/turtle_chase_package': CMAKE_PREFIX_PATH=/opt/ros/humble /usr/bin/cmake --build /home/tiger/桌面/turtle_chase_package/build/turtle_chase_package -- -j1 -l1
[0.234s] [ 50%] [32mBuilding CXX object CMakeFiles/turtle_chase.dir/src/turtle_chase.cpp.o[0m
[0.598s] [01m[K/home/tiger/桌面/turtle_chase_package/src/turtle_chase.cpp:4:10:[m[K [01;31m[Kfatal error: [m[Kgeometry_msgs/msg/twist.hpp: 没有那个文件或目录
[0.598s]     4 | #include [01;31m[K"geometry_msgs/msg/twist.hpp"[m[K
[0.598s]       |          [01;31m[K^~~~~~~~~~~~~~~~~~~~~~~~~~~~~[m[K
[0.599s] compilation terminated.
[0.603s] gmake[2]: *** [CMakeFiles/turtle_chase.dir/build.make:76：CMakeFiles/turtle_chase.dir/src/turtle_chase.cpp.o] 错误 1
[0.607s] gmake[1]: *** [CMakeFiles/Makefile2:137：CMakeFiles/turtle_chase.dir/all] 错误 2
[0.609s] gmake: *** [Makefile:146：all] 错误 2
[0.611s] Invoked command in '/home/tiger/桌面/turtle_chase_package/build/turtle_chase_package' returned '2': CMAKE_PREFIX_PATH=/opt/ros/humble /usr/bin/cmake --build /home/tiger/桌面/turtle_chase_package/build/turtle_chase_package -- -j1 -l1
