[0.054s] Invoking command in '/home/tiger/æ¡Œé¢/turtle_chase_package/build/turtle_chase_package': CMAKE_PREFIX_PATH=/opt/ros/humble /usr/bin/cmake --build /home/tiger/æ¡Œé¢/turtle_chase_package/build/turtle_chase_package -- -j1 -l1
[0.204s] [ 50%] [32mBuilding CXX object CMakeFiles/turtle_chase.dir/src/turtle_chase.cpp.o[0m
[0.691s] In file included from [01m[K/home/tiger/æ¡Œé¢/turtle_chase_package/src/turtle_chase.cpp:1[m[K:
[0.693s] [01m[K/home/tiger/æ¡Œé¢/turtle_chase_package/include/turtle_chase.hpp:6:10:[m[K [01;31m[Kfatal error: [m[Kgeometry_msgs/msg/twist.hpp: æ²¡æœ‰é‚£ä¸ªæ–‡ä»¶æˆ–ç›®å½•
[0.693s]     6 | #include [01;31m[K"geometry_msgs/msg/twist.hpp"[m[K
[0.693s]       |          [01;31m[K^~~~~~~~~~~~~~~~~~~~~~~~~~~~~[m[K
[0.693s] compilation terminated.
[0.699s] gmake[2]: *** [CMakeFiles/turtle_chase.dir/build.make:76ï¼šCMakeFiles/turtle_chase.dir/src/turtle_chase.cpp.o] é”™è¯¯ 1
[0.721s] gmake[1]: *** [CMakeFiles/Makefile2:137ï¼šCMakeFiles/turtle_chase.dir/all] é”™è¯¯ 2
[0.721s] gmake: *** [Makefile:146ï¼šall] é”™è¯¯ 2
[0.729s] Invoked command in '/home/tiger/æ¡Œé¢/turtle_chase_package/build/turtle_chase_package' returned '2': CMAKE_PREFIX_PATH=/opt/ros/humble /usr/bin/cmake --build /home/tiger/æ¡Œé¢/turtle_chase_package/build/turtle_chase_package -- -j1 -l1
