[0.000000] (-) TimerEvent: {}
[0.001004] (turtle_chase_package) JobQueued: {'identifier': 'turtle_chase_package', 'dependencies': OrderedDict()}
[0.003225] (turtle_chase_package) JobStarted: {'identifier': 'turtle_chase_package'}
[0.027923] (turtle_chase_package) JobProgress: {'identifier': 'turtle_chase_package', 'progress': 'cmake'}
[0.036076] (turtle_chase_package) JobProgress: {'identifier': 'turtle_chase_package', 'progress': 'build'}
[0.037927] (turtle_chase_package) Command: {'cmd': ['/usr/bin/cmake', '--build', '/home/tiger/桌面/turtle_chase_package/build/turtle_chase_package', '--', '-j1', '-l1'], 'cwd': '/home/tiger/桌面/turtle_chase_package/build/turtle_chase_package', 'env': OrderedDict([('GJS_DEBUG_TOPICS', 'JS ERROR;JS LOG'), ('LESSOPEN', '| /usr/bin/lesspipe %s'), ('LANGUAGE', 'zh_CN:zh'), ('USER', 'tiger'), ('XDG_SESSION_TYPE', 'wayland'), ('GIT_ASKPASS', '/usr/share/code/resources/app/extensions/git/dist/askpass.sh'), ('SHLVL', '1'), ('LD_LIBRARY_PATH', '/opt/ros/humble/opt/rviz_ogre_vendor/lib:/opt/ros/humble/lib/x86_64-linux-gnu:/opt/ros/humble/lib'), ('HOME', '/home/tiger'), ('CHROME_DESKTOP', 'code-url-handler.desktop'), ('OLDPWD', '/home/tiger/桌面'), ('TERM_PROGRAM_VERSION', '1.93.1'), ('DESKTOP_SESSION', 'ubuntu'), ('GIO_LAUNCHED_DESKTOP_FILE', '/usr/share/applications/code.desktop'), ('ROS_PYTHON_VERSION', '3'), ('GNOME_SHELL_SESSION_MODE', 'ubuntu'), ('GTK_MODULES', 'gail:atk-bridge'), ('VSCODE_GIT_ASKPASS_MAIN', '/usr/share/code/resources/app/extensions/git/dist/askpass-main.js'), ('VSCODE_GIT_ASKPASS_NODE', '/usr/share/code/code'), ('MANAGERPID', '2491'), ('SYSTEMD_EXEC_PID', '2653'), ('IM_CONFIG_CHECK_ENV', '1'), ('DBUS_SESSION_BUS_ADDRESS', 'unix:path=/run/user/1000/bus'), ('COLORTERM', 'truecolor'), ('GIO_LAUNCHED_DESKTOP_FILE_PID', '4160'), ('IM_CONFIG_PHASE', '1'), ('WAYLAND_DISPLAY', 'wayland-0'), ('ROS_DISTRO', 'humble'), ('LOGNAME', 'tiger'), ('JOURNAL_STREAM', '8:12268'), ('_', '/usr/bin/colcon'), ('ROS_VERSION', '2'), ('XDG_SESSION_CLASS', 'user'), ('USERNAME', 'tiger'), ('TERM', 'xterm-256color'), ('GNOME_DESKTOP_SESSION_ID', 'this-is-deprecated'), ('ROS_LOCALHOST_ONLY', '0'), ('PATH', '/opt/ros/humble/bin:/usr/local/sbin:/usr/local/bin:/usr/sbin:/usr/bin:/sbin:/bin:/usr/games:/usr/local/games:/snap/bin:/snap/bin'), ('SESSION_MANAGER', 'local/tiger-VirtualBox:@/tmp/.ICE-unix/2618,unix/tiger-VirtualBox:/tmp/.ICE-unix/2618'), ('INVOCATION_ID', '6cf25350fbed42d2b0ef2e5a922472ea'), ('XDG_MENU_PREFIX', 'gnome-'), ('GNOME_SETUP_DISPLAY', ':1'), ('XDG_RUNTIME_DIR', '/run/user/1000'), ('GDK_BACKEND', 'x11'), ('DISPLAY', ':0'), ('LANG', 'zh_CN.UTF-8'), ('XDG_CURRENT_DESKTOP', 'Unity'), ('XMODIFIERS', '@im=ibus'), ('XDG_SESSION_DESKTOP', 'ubuntu'), ('XAUTHORITY', '/run/user/1000/.mutter-Xwaylandauth.0QBUV2'), ('LS_COLORS', 'rs=0:di=01;34:ln=01;36:mh=00:pi=40;33:so=01;35:do=01;35:bd=40;33;01:cd=40;33;01:or=40;31;01:mi=00:su=37;41:sg=30;43:ca=30;41:tw=30;42:ow=34;42:st=37;44:ex=01;32:*.tar=01;31:*.tgz=01;31:*.arc=01;31:*.arj=01;31:*.taz=01;31:*.lha=01;31:*.lz4=01;31:*.lzh=01;31:*.lzma=01;31:*.tlz=01;31:*.txz=01;31:*.tzo=01;31:*.t7z=01;31:*.zip=01;31:*.z=01;31:*.dz=01;31:*.gz=01;31:*.lrz=01;31:*.lz=01;31:*.lzo=01;31:*.xz=01;31:*.zst=01;31:*.tzst=01;31:*.bz2=01;31:*.bz=01;31:*.tbz=01;31:*.tbz2=01;31:*.tz=01;31:*.deb=01;31:*.rpm=01;31:*.jar=01;31:*.war=01;31:*.ear=01;31:*.sar=01;31:*.rar=01;31:*.alz=01;31:*.ace=01;31:*.zoo=01;31:*.cpio=01;31:*.7z=01;31:*.rz=01;31:*.cab=01;31:*.wim=01;31:*.swm=01;31:*.dwm=01;31:*.esd=01;31:*.jpg=01;35:*.jpeg=01;35:*.mjpg=01;35:*.mjpeg=01;35:*.gif=01;35:*.bmp=01;35:*.pbm=01;35:*.pgm=01;35:*.ppm=01;35:*.tga=01;35:*.xbm=01;35:*.xpm=01;35:*.tif=01;35:*.tiff=01;35:*.png=01;35:*.svg=01;35:*.svgz=01;35:*.mng=01;35:*.pcx=01;35:*.mov=01;35:*.mpg=01;35:*.mpeg=01;35:*.m2v=01;35:*.mkv=01;35:*.webm=01;35:*.webp=01;35:*.ogm=01;35:*.mp4=01;35:*.m4v=01;35:*.mp4v=01;35:*.vob=01;35:*.qt=01;35:*.nuv=01;35:*.wmv=01;35:*.asf=01;35:*.rm=01;35:*.rmvb=01;35:*.flc=01;35:*.avi=01;35:*.fli=01;35:*.flv=01;35:*.gl=01;35:*.dl=01;35:*.xcf=01;35:*.xwd=01;35:*.yuv=01;35:*.cgm=01;35:*.emf=01;35:*.ogv=01;35:*.ogx=01;35:*.aac=00;36:*.au=00;36:*.flac=00;36:*.m4a=00;36:*.mid=00;36:*.midi=00;36:*.mka=00;36:*.mp3=00;36:*.mpc=00;36:*.ogg=00;36:*.ra=00;36:*.wav=00;36:*.oga=00;36:*.opus=00;36:*.spx=00;36:*.xspf=00;36:'), ('VSCODE_GIT_IPC_HANDLE', '/run/user/1000/vscode-git-da4fc3b148.sock'), ('TERM_PROGRAM', 'vscode'), ('SSH_AGENT_LAUNCHER', 'gnome-keyring'), ('SSH_AUTH_SOCK', '/run/user/1000/keyring/ssh'), ('AMENT_PREFIX_PATH', '/opt/ros/humble'), ('ORIGINAL_XDG_CURRENT_DESKTOP', 'ubuntu:GNOME'), ('SHELL', '/bin/bash'), ('QT_ACCESSIBILITY', '1'), ('GDMSESSION', 'ubuntu'), ('LESSCLOSE', '/usr/bin/lesspipe %s %s'), ('GJS_DEBUG_OUTPUT', 'stderr'), ('VSCODE_GIT_ASKPASS_EXTRA_ARGS', ''), ('QT_IM_MODULE', 'ibus'), ('PWD', '/home/tiger/桌面/turtle_chase_package/build/turtle_chase_package'), ('XDG_CONFIG_DIRS', '/etc/xdg/xdg-ubuntu:/etc/xdg'), ('XDG_DATA_DIRS', '/usr/share/ubuntu:/usr/local/share/:/usr/share/:/var/lib/snapd/desktop'), ('PYTHONPATH', '/opt/ros/humble/lib/python3.10/site-packages:/opt/ros/humble/local/lib/python3.10/dist-packages'), ('COLCON', '1')]), 'shell': False}
[0.096066] (turtle_chase_package) StdoutLine: {'line': b'-- Found ament_cmake: 1.3.10 (/opt/ros/humble/share/ament_cmake/cmake)\n'}
[0.099587] (-) TimerEvent: {}
[0.220973] (-) TimerEvent: {}
[0.327498] (-) TimerEvent: {}
[0.435942] (-) TimerEvent: {}
[0.438223] (turtle_chase_package) StdoutLine: {'line': b'-- Found rclcpp: 16.0.10 (/opt/ros/humble/share/rclcpp/cmake)\n'}
[0.488511] (turtle_chase_package) StdoutLine: {'line': b'-- Found rosidl_generator_c: 3.1.5 (/opt/ros/humble/share/rosidl_generator_c/cmake)\n'}
[0.495434] (turtle_chase_package) StdoutLine: {'line': b'-- Found rosidl_adapter: 3.1.5 (/opt/ros/humble/share/rosidl_adapter/cmake)\n'}
[0.507130] (turtle_chase_package) StdoutLine: {'line': b'-- Found rosidl_generator_cpp: 3.1.5 (/opt/ros/humble/share/rosidl_generator_cpp/cmake)\n'}
[0.533078] (turtle_chase_package) StdoutLine: {'line': b'-- Using all available rosidl_typesupport_c: rosidl_typesupport_fastrtps_c;rosidl_typesupport_introspection_c\n'}
[0.536982] (-) TimerEvent: {}
[0.575542] (turtle_chase_package) StdoutLine: {'line': b'-- Using all available rosidl_typesupport_cpp: rosidl_typesupport_fastrtps_cpp;rosidl_typesupport_introspection_cpp\n'}
[0.599028] (turtle_chase_package) StdoutLine: {'line': b'-- Found rmw_implementation_cmake: 6.1.2 (/opt/ros/humble/share/rmw_implementation_cmake/cmake)\n'}
[0.599808] (turtle_chase_package) StdoutLine: {'line': b'-- Found rmw_fastrtps_cpp: 6.2.7 (/opt/ros/humble/share/rmw_fastrtps_cpp/cmake)\n'}
[0.646947] (-) TimerEvent: {}
[0.752650] (-) TimerEvent: {}
[0.788486] (turtle_chase_package) StdoutLine: {'line': b"-- Using RMW implementation 'rmw_fastrtps_cpp' as default\n"}
[0.861122] (-) TimerEvent: {}
[0.920686] (turtle_chase_package) StdoutLine: {'line': b'-- Found geometry_msgs: 4.2.4 (/opt/ros/humble/share/geometry_msgs/cmake)\n'}
[0.960979] (turtle_chase_package) StdoutLine: {'line': b'-- Found turtlesim: 1.4.2 (/opt/ros/humble/share/turtlesim/cmake)\n'}
[0.961266] (-) TimerEvent: {}
[1.083892] (-) TimerEvent: {}
[1.188107] (-) TimerEvent: {}
[1.246765] (turtle_chase_package) StderrLine: {'line': b"Error parsing '/home/tiger/\xe6\xa1\x8c\xe9\x9d\xa2/turtle_chase_package/package.xml':\n"}
[1.303136] (-) TimerEvent: {}
[1.312486] (turtle_chase_package) StderrLine: {'line': b'Traceback (most recent call last):\n'}
[1.313313] (turtle_chase_package) StderrLine: {'line': b'  File "/usr/lib/python3/dist-packages/catkin_pkg/package.py", line 610, in parse_package_string\n'}
[1.313826] (turtle_chase_package) StderrLine: {'line': b'    root = dom.parseString(data)\n'}
[1.314298] (turtle_chase_package) StderrLine: {'line': b'  File "/usr/lib/python3.10/xml/dom/minidom.py", line 2000, in parseString\n'}
[1.320269] (turtle_chase_package) StderrLine: {'line': b'    return expatbuilder.parseString(string)\n'}
[1.321191] (turtle_chase_package) StderrLine: {'line': b'  File "/usr/lib/python3.10/xml/dom/expatbuilder.py", line 925, in parseString\n'}
[1.337183] (turtle_chase_package) StderrLine: {'line': b'    return builder.parseString(string)\n'}
[1.337771] (turtle_chase_package) StderrLine: {'line': b'  File "/usr/lib/python3.10/xml/dom/expatbuilder.py", line 223, in parseString\n'}
[1.337919] (turtle_chase_package) StderrLine: {'line': b'    parser.Parse(string, True)\n'}
[1.338000] (turtle_chase_package) StderrLine: {'line': b'xml.parsers.expat.ExpatError: mismatched tag: line 4, column 124\n'}
[1.338072] (turtle_chase_package) StderrLine: {'line': b'\n'}
[1.338139] (turtle_chase_package) StderrLine: {'line': b'During handling of the above exception, another exception occurred:\n'}
[1.338204] (turtle_chase_package) StderrLine: {'line': b'\n'}
[1.338268] (turtle_chase_package) StderrLine: {'line': b'Traceback (most recent call last):\n'}
[1.338332] (turtle_chase_package) StderrLine: {'line': b'  File "/opt/ros/humble/share/ament_cmake_core/cmake/core/package_xml_2_cmake.py", line 150, in <module>\n'}
[1.338397] (turtle_chase_package) StderrLine: {'line': b'    main()\n'}
[1.338457] (turtle_chase_package) StderrLine: {'line': b'  File "/opt/ros/humble/share/ament_cmake_core/cmake/core/package_xml_2_cmake.py", line 53, in main\n'}
[1.338520] (turtle_chase_package) StderrLine: {'line': b'    raise e\n'}
[1.338580] (turtle_chase_package) StderrLine: {'line': b'  File "/opt/ros/humble/share/ament_cmake_core/cmake/core/package_xml_2_cmake.py", line 49, in main\n'}
[1.338641] (turtle_chase_package) StderrLine: {'line': b'    package = parse_package_string(\n'}
[1.338701] (turtle_chase_package) StderrLine: {'line': b'  File "/usr/lib/python3/dist-packages/catkin_pkg/package.py", line 612, in parse_package_string\n'}
[1.338767] (turtle_chase_package) StderrLine: {'line': b"    raise InvalidPackage('The manifest contains invalid XML:\\n%s' % ex, filename)\n"}
[1.338829] (turtle_chase_package) StderrLine: {'line': b"catkin_pkg.package.InvalidPackage: Error(s) in package '/home/tiger/\xe6\xa1\x8c\xe9\x9d\xa2/turtle_chase_package/package.xml':\n"}
[1.338907] (turtle_chase_package) StderrLine: {'line': b'The manifest contains invalid XML:\n'}
[1.338992] (turtle_chase_package) StderrLine: {'line': b'mismatched tag: line 4, column 124\n'}
[1.381917] (turtle_chase_package) StderrLine: {'line': b'\x1b[31mCMake Error at /opt/ros/humble/share/ament_cmake_core/cmake/core/ament_package_xml.cmake:95 (message):\n'}
[1.382183] (turtle_chase_package) StderrLine: {'line': b'  execute_process(/usr/bin/python3\n'}
[1.382250] (turtle_chase_package) StderrLine: {'line': b'  /opt/ros/humble/share/ament_cmake_core/cmake/core/package_xml_2_cmake.py\n'}
[1.382307] (turtle_chase_package) StderrLine: {'line': b'  /home/tiger/\xe6\xa1\x8c\xe9\x9d\xa2/turtle_chase_package/package.xml\n'}
[1.382363] (turtle_chase_package) StderrLine: {'line': b'  /home/tiger/\xe6\xa1\x8c\xe9\x9d\xa2/turtle_chase_package/build/turtle_chase_package/ament_cmake_core/package.cmake)\n'}
[1.382414] (turtle_chase_package) StderrLine: {'line': b'  returned error code 1\n'}
[1.382466] (turtle_chase_package) StderrLine: {'line': b'Call Stack (most recent call first):\n'}
[1.382519] (turtle_chase_package) StderrLine: {'line': b'  /opt/ros/humble/share/ament_cmake_core/cmake/core/ament_package_xml.cmake:49 (_ament_package_xml)\n'}
[1.382568] (turtle_chase_package) StderrLine: {'line': b'  /opt/ros/humble/share/ament_cmake_core/cmake/core/ament_package.cmake:63 (ament_package_xml)\n'}
[1.382617] (turtle_chase_package) StderrLine: {'line': b'  CMakeLists.txt:28 (ament_package)\n'}
[1.382665] (turtle_chase_package) StderrLine: {'line': b'\n'}
[1.382712] (turtle_chase_package) StderrLine: {'line': b'\x1b[0m\n'}
[1.382824] (turtle_chase_package) StdoutLine: {'line': b'-- Configuring incomplete, errors occurred!\n'}
[1.382898] (turtle_chase_package) StdoutLine: {'line': b'See also "/home/tiger/\xe6\xa1\x8c\xe9\x9d\xa2/turtle_chase_package/build/turtle_chase_package/CMakeFiles/CMakeOutput.log".\n'}
[1.396603] (turtle_chase_package) StderrLine: {'line': b'gmake: *** [Makefile:267\xef\xbc\x9acmake_check_build_system] \xe9\x94\x99\xe8\xaf\xaf 1\n'}
[1.409367] (-) TimerEvent: {}
[1.410068] (turtle_chase_package) CommandEnded: {'returncode': 2}
[1.410479] (turtle_chase_package) JobEnded: {'identifier': 'turtle_chase_package', 'rc': 2}
[1.411811] (-) EventReactorShutdown: {}
