[0.013s] Invoking command in '/home/tiger/æ¡Œé¢/turtle_chase_package/build/turtle_chase_package': CMAKE_PREFIX_PATH=/opt/ros/humble /usr/bin/cmake --build /home/tiger/æ¡Œé¢/turtle_chase_package/build/turtle_chase_package -- -j1 -l1
[0.132s] [ 50%] [32mBuilding CXX object CMakeFiles/turtle_chase.dir/src/turtle_chase.cpp.o[0m
[0.406s] [01m[K/home/tiger/æ¡Œé¢/turtle_chase_package/src/turtle_chase.cpp:4:10:[m[K [01;31m[Kfatal error: [m[Kgeometry_msgs/msg/twist.hpp: æ²¡æœ‰é‚£ä¸ªæ–‡ä»¶æˆ–ç›®å½•
[0.408s]     4 | #include [01;31m[K"geometry_msgs/msg/twist.hpp"[m[K
[0.408s]       |          [01;31m[K^~~~~~~~~~~~~~~~~~~~~~~~~~~~~[m[K
[0.409s] compilation terminated.
[0.413s] gmake[2]: *** [CMakeFiles/turtle_chase.dir/build.make:76ï¼šCMakeFiles/turtle_chase.dir/src/turtle_chase.cpp.o] é”™è¯¯ 1
[0.414s] gmake[1]: *** [CMakeFiles/Makefile2:137ï¼šCMakeFiles/turtle_chase.dir/all] é”™è¯¯ 2
[0.419s] gmake: *** [Makefile:146ï¼šall] é”™è¯¯ 2
[0.433s] Invoked command in '/home/tiger/æ¡Œé¢/turtle_chase_package/build/turtle_chase_package' returned '2': CMAKE_PREFIX_PATH=/opt/ros/humble /usr/bin/cmake --build /home/tiger/æ¡Œé¢/turtle_chase_package/build/turtle_chase_package -- -j1 -l1
