[0.024s] Invoking command in '/home/tiger/æ¡Œé¢/turtle_chase_package/build/turtle_chase_package': CMAKE_PREFIX_PATH=/opt/ros/humble /usr/bin/cmake --build /home/tiger/æ¡Œé¢/turtle_chase_package/build/turtle_chase_package -- -j1 -l1
[0.149s] [ 50%] [32mBuilding CXX object CMakeFiles/turtle_chase.dir/src/turtle_chase.cpp.o[0m
[4.666s] In file included from [01m[K/opt/ros/humble/include/rclcpp/rclcpp/logging.hpp:24[m[K,
[4.666s]                  from [01m[K/opt/ros/humble/include/rclcpp/rclcpp/client.hpp:40[m[K,
[4.666s]                  from [01m[K/opt/ros/humble/include/rclcpp/rclcpp/callback_group.hpp:24[m[K,
[4.666s]                  from [01m[K/opt/ros/humble/include/rclcpp/rclcpp/any_executable.hpp:20[m[K,
[4.666s]                  from [01m[K/opt/ros/humble/include/rclcpp/rclcpp/memory_strategy.hpp:25[m[K,
[4.666s]                  from [01m[K/opt/ros/humble/include/rclcpp/rclcpp/memory_strategies.hpp:18[m[K,
[4.666s]                  from [01m[K/opt/ros/humble/include/rclcpp/rclcpp/executor_options.hpp:20[m[K,
[4.666s]                  from [01m[K/opt/ros/humble/include/rclcpp/rclcpp/executor.hpp:37[m[K,
[4.666s]                  from [01m[K/opt/ros/humble/include/rclcpp/rclcpp/executors/multi_threaded_executor.hpp:25[m[K,
[4.666s]                  from [01m[K/opt/ros/humble/include/rclcpp/rclcpp/executors.hpp:21[m[K,
[4.682s]                  from [01m[K/opt/ros/humble/include/rclcpp/rclcpp/rclcpp.hpp:155[m[K,
[4.682s]                  from [01m[K/home/tiger/æ¡Œé¢/turtle_chase_package/src/turtle_chase.cpp:1[m[K:
[4.682s] /home/tiger/æ¡Œé¢/turtle_chase_package/src/turtle_chase.cpp: In instantiation of â€˜[01m[Kvoid TurtleChase::wait_for_future(Future&) [with Future = rclcpp::Client<turtlesim::srv::Spawn>::FutureAndRequestId][m[Kâ€™:
[4.682s] [01m[K/home/tiger/æ¡Œé¢/turtle_chase_package/src/turtle_chase.cpp:77:20:[m[K   required from here
[4.683s] [01m[K/home/tiger/æ¡Œé¢/turtle_chase_package/src/turtle_chase.cpp:120:65:[m[K [01;31m[Kerror: [m[Kâ€˜[01m[Kusing element_type = struct turtlesim::srv::Spawn_Response_<std::allocator<void> >[m[Kâ€™ {aka â€˜[01m[Kstruct turtlesim::srv::Spawn_Response_<std::allocator<void> >[m[Kâ€™} has no member named â€˜[01m[Ksuccess[m[Kâ€™
[4.683s]   120 | ger(), "æœåŠ¡å“åº”ï¼š%d", [01;31m[Kresult->success[m[K);
[4.683s]       |                        [01;31m[K~~~~~~~~^~~~~~~[m[K
[4.683s] 
[4.688s] /home/tiger/æ¡Œé¢/turtle_chase_package/src/turtle_chase.cpp: In instantiation of â€˜[01m[Kvoid TurtleChase::wait_for_future(Future&) [with Future = rclcpp::Client<turtlesim::srv::Kill>::FutureAndRequestId][m[Kâ€™:
[4.688s] [01m[K/home/tiger/æ¡Œé¢/turtle_chase_package/src/turtle_chase.cpp:89:20:[m[K   required from here
[4.688s] [01m[K/home/tiger/æ¡Œé¢/turtle_chase_package/src/turtle_chase.cpp:120:65:[m[K [01;31m[Kerror: [m[Kâ€˜[01m[Kusing element_type = struct turtlesim::srv::Kill_Response_<std::allocator<void> >[m[Kâ€™ {aka â€˜[01m[Kstruct turtlesim::srv::Kill_Response_<std::allocator<void> >[m[Kâ€™} has no member named â€˜[01m[Ksuccess[m[Kâ€™
[9.201s] gmake[2]: *** [CMakeFiles/turtle_chase.dir/build.make:76ï¼šCMakeFiles/turtle_chase.dir/src/turtle_chase.cpp.o] é”™è¯¯ 1
[9.205s] gmake[1]: *** [CMakeFiles/Makefile2:137ï¼šCMakeFiles/turtle_chase.dir/all] é”™è¯¯ 2
[9.206s] gmake: *** [Makefile:146ï¼šall] é”™è¯¯ 2
[9.215s] Invoked command in '/home/tiger/æ¡Œé¢/turtle_chase_package/build/turtle_chase_package' returned '2': CMAKE_PREFIX_PATH=/opt/ros/humble /usr/bin/cmake --build /home/tiger/æ¡Œé¢/turtle_chase_package/build/turtle_chase_package -- -j1 -l1
