[0.034s] Invoking command in '/home/tiger/æ¡Œé¢/turtle_chase_package/build/turtle_chase_package': /usr/bin/cmake --build /home/tiger/æ¡Œé¢/turtle_chase_package/build/turtle_chase_package -- -j1 -l1
[0.191s] -- Found ament_cmake: 1.3.10 (/opt/ros/humble/share/ament_cmake/cmake)
[0.682s] -- Found rclcpp: 16.0.10 (/opt/ros/humble/share/rclcpp/cmake)
[0.868s] -- Found rosidl_generator_c: 3.1.5 (/opt/ros/humble/share/rosidl_generator_c/cmake)
[0.876s] -- Found rosidl_adapter: 3.1.5 (/opt/ros/humble/share/rosidl_adapter/cmake)
[0.897s] -- Found rosidl_generator_cpp: 3.1.5 (/opt/ros/humble/share/rosidl_generator_cpp/cmake)
[0.934s] -- Using all available rosidl_typesupport_c: rosidl_typesupport_fastrtps_c;rosidl_typesupport_introspection_c
[0.971s] -- Using all available rosidl_typesupport_cpp: rosidl_typesupport_fastrtps_cpp;rosidl_typesupport_introspection_cpp
[1.117s] -- Found rmw_implementation_cmake: 6.1.2 (/opt/ros/humble/share/rmw_implementation_cmake/cmake)
[1.121s] -- Found rmw_fastrtps_cpp: 6.2.7 (/opt/ros/humble/share/rmw_fastrtps_cpp/cmake)
[1.401s] -- Using RMW implementation 'rmw_fastrtps_cpp' as default
[1.672s] -- Found geometry_msgs: 4.2.4 (/opt/ros/humble/share/geometry_msgs/cmake)
[1.826s] -- Found turtlesim: 1.4.2 (/opt/ros/humble/share/turtlesim/cmake)
[2.147s] Error parsing '/home/tiger/æ¡Œé¢/turtle_chase_package/package.xml':
[2.260s] Traceback (most recent call last):
[2.260s]   File "/opt/ros/humble/share/ament_cmake_core/cmake/core/package_xml_2_cmake.py", line 150, in <module>
[2.260s]     main()
[2.260s]   File "/opt/ros/humble/share/ament_cmake_core/cmake/core/package_xml_2_cmake.py", line 53, in main
[2.260s]     raise e
[2.261s]   File "/opt/ros/humble/share/ament_cmake_core/cmake/core/package_xml_2_cmake.py", line 49, in main
[2.261s]     package = parse_package_string(
[2.261s]   File "/usr/lib/python3/dist-packages/catkin_pkg/package.py", line 788, in parse_package_string
[2.277s]     pkg.validate(warnings=warnings)
[2.277s]   File "/usr/lib/python3/dist-packages/catkin_pkg/package.py", line 330, in validate
[2.277s]     raise InvalidPackage('\n'.join(errors), self.filename)
[2.277s] catkin_pkg.package.InvalidPackage: Error(s) in package '/home/tiger/æ¡Œé¢/turtle_chase_package/package.xml':
[2.277s] Package name "turtle_chase_packa                                                                                    ge" does not follow naming conventions
[2.333s] -- Configuring incomplete, errors occurred!
[2.333s] See also "/home/tiger/æ¡Œé¢/turtle_chase_package/build/turtle_chase_package/CMakeFiles/CMakeOutput.log".
[2.348s] [31mCMake Error at /opt/ros/humble/share/ament_cmake_core/cmake/core/ament_package_xml.cmake:95 (message):
[2.348s]   execute_process(/usr/bin/python3
[2.348s]   /opt/ros/humble/share/ament_cmake_core/cmake/core/package_xml_2_cmake.py
[2.348s]   /home/tiger/æ¡Œé¢/turtle_chase_package/package.xml
[2.348s]   /home/tiger/æ¡Œé¢/turtle_chase_package/build/turtle_chase_package/ament_cmake_core/package.cmake)
[2.348s]   returned error code 1
[2.349s] Call Stack (most recent call first):
[2.349s]   /opt/ros/humble/share/ament_cmake_core/cmake/core/ament_package_xml.cmake:49 (_ament_package_xml)
[2.349s]   /opt/ros/humble/share/ament_cmake_core/cmake/core/ament_package.cmake:63 (ament_package_xml)
[2.353s]   CMakeLists.txt:28 (ament_package)
[2.353s] 
[2.353s] [0m
[2.354s] gmake: *** [Makefile:267ï¼šcmake_check_build_system] é”™è¯¯ 1
[2.354s] Invoked command in '/home/tiger/æ¡Œé¢/turtle_chase_package/build/turtle_chase_package' returned '2': /usr/bin/cmake --build /home/tiger/æ¡Œé¢/turtle_chase_package/build/turtle_chase_package -- -j1 -l1
