[0.044s] Invoking command in '/home/tiger/Ê°åÈù¢/turtle_chase_package/build/turtle_chase_package': /usr/bin/cmake --build /home/tiger/Ê°åÈù¢/turtle_chase_package/build/turtle_chase_package -- -j1 -l1
[0.117s] -- Found ament_cmake: 1.3.10 (/opt/ros/humble/share/ament_cmake/cmake)
[0.524s] -- Found rclcpp: 16.0.10 (/opt/ros/humble/share/rclcpp/cmake)
[0.586s] -- Found rosidl_generator_c: 3.1.5 (/opt/ros/humble/share/rosidl_generator_c/cmake)
[0.595s] -- Found rosidl_adapter: 3.1.5 (/opt/ros/humble/share/rosidl_adapter/cmake)
[0.610s] -- Found rosidl_generator_cpp: 3.1.5 (/opt/ros/humble/share/rosidl_generator_cpp/cmake)
[0.642s] -- Using all available rosidl_typesupport_c: rosidl_typesupport_fastrtps_c;rosidl_typesupport_introspection_c
[0.686s] -- Using all available rosidl_typesupport_cpp: rosidl_typesupport_fastrtps_cpp;rosidl_typesupport_introspection_cpp
[0.838s] -- Found rmw_implementation_cmake: 6.1.2 (/opt/ros/humble/share/rmw_implementation_cmake/cmake)
[0.848s] -- Found rmw_fastrtps_cpp: 6.2.7 (/opt/ros/humble/share/rmw_fastrtps_cpp/cmake)
[1.166s] -- Using RMW implementation 'rmw_fastrtps_cpp' as default
[1.333s] -- Found geometry_msgs: 4.2.4 (/opt/ros/humble/share/geometry_msgs/cmake)
[1.381s] -- Found turtlesim: 1.4.2 (/opt/ros/humble/share/turtlesim/cmake)
[1.633s] Error parsing '/home/tiger/Ê°åÈù¢/turtle_chase_package/package.xml':
[1.725s] Traceback (most recent call last):
[1.737s]   File "/opt/ros/humble/share/ament_cmake_core/cmake/core/package_xml_2_cmake.py", line 150, in <module>
[1.738s]     main()
[1.738s]   File "/opt/ros/humble/share/ament_cmake_core/cmake/core/package_xml_2_cmake.py", line 53, in main
[1.738s]     raise e
[1.738s]   File "/opt/ros/humble/share/ament_cmake_core/cmake/core/package_xml_2_cmake.py", line 49, in main
[1.738s]     package = parse_package_string(
[1.738s]   File "/usr/lib/python3/dist-packages/catkin_pkg/package.py", line 639, in parse_package_string
[1.738s]     pkg.description = _get_node_value(_get_node(root, 'description', filename), allow_xml=True, apply_str=False)
[1.738s]   File "/usr/lib/python3/dist-packages/catkin_pkg/package.py", line 800, in _get_node
[1.738s]     raise InvalidPackage('The manifest must contain exactly one "%s" tag' % tagname, filename)
[1.738s] catkin_pkg.package.InvalidPackage: Error(s) in package '/home/tiger/Ê°åÈù¢/turtle_chase_package/package.xml':
[1.738s] The manifest must contain exactly one "description" tag
[1.764s] [31mCMake Error at /opt/ros/humble/share/ament_cmake_core/cmake/core/ament_package_xml.cmake:95 (message):
[1.767s]   execute_process(/usr/bin/python3
[1.767s]   /opt/ros/humble/share/ament_cmake_core/cmake/core/package_xml_2_cmake.py
[1.768s]   /home/tiger/Ê°åÈù¢/turtle_chase_package/package.xml
[1.768s]   /home/tiger/Ê°åÈù¢/turtle_chase_package/build/turtle_chase_package/ament_cmake_core/package.cmake)
[1.768s]   returned error code 1
[1.768s] Call Stack (most recent call first):
[1.768s]   /opt/ros/humble/share/ament_cmake_core/cmake/core/ament_package_xml.cmake:49 (_ament_package_xml)
[1.768s]   /opt/ros/humble/share/ament_cmake_core/cmake/core/ament_package.cmake:63 (ament_package_xml)
[1.768s]   CMakeLists.txt:28 (ament_package)
[1.768s] 
[1.768s] [0m
[1.770s] -- Configuring incomplete, errors occurred!
[1.770s] See also "/home/tiger/Ê°åÈù¢/turtle_chase_package/build/turtle_chase_package/CMakeFiles/CMakeOutput.log".
[1.804s] gmake: *** [Makefile:267Ôºöcmake_check_build_system] ÈîôËØØ 1
[1.807s] Invoked command in '/home/tiger/Ê°åÈù¢/turtle_chase_package/build/turtle_chase_package' returned '2': /usr/bin/cmake --build /home/tiger/Ê°åÈù¢/turtle_chase_package/build/turtle_chase_package -- -j1 -l1
