[0.032s] Invoking command in '/home/tiger/æ¡Œé¢/turtle_chase_package/build/turtle_chase_package': /usr/bin/cmake --build /home/tiger/æ¡Œé¢/turtle_chase_package/build/turtle_chase_package -- -j1 -l1
[0.153s] -- Found ament_cmake: 1.3.10 (/opt/ros/humble/share/ament_cmake/cmake)
[0.703s] -- Found rclcpp: 16.0.10 (/opt/ros/humble/share/rclcpp/cmake)
[0.873s] -- Found rosidl_generator_c: 3.1.5 (/opt/ros/humble/share/rosidl_generator_c/cmake)
[0.884s] -- Found rosidl_adapter: 3.1.5 (/opt/ros/humble/share/rosidl_adapter/cmake)
[0.922s] -- Found rosidl_generator_cpp: 3.1.5 (/opt/ros/humble/share/rosidl_generator_cpp/cmake)
[1.005s] -- Using all available rosidl_typesupport_c: rosidl_typesupport_fastrtps_c;rosidl_typesupport_introspection_c
[1.127s] -- Using all available rosidl_typesupport_cpp: rosidl_typesupport_fastrtps_cpp;rosidl_typesupport_introspection_cpp
[1.373s] -- Found rmw_implementation_cmake: 6.1.2 (/opt/ros/humble/share/rmw_implementation_cmake/cmake)
[1.381s] -- Found rmw_fastrtps_cpp: 6.2.7 (/opt/ros/humble/share/rmw_fastrtps_cpp/cmake)
[1.684s] -- Using RMW implementation 'rmw_fastrtps_cpp' as default
[2.128s] -- Found geometry_msgs: 4.2.4 (/opt/ros/humble/share/geometry_msgs/cmake)
[2.212s] -- Found turtlesim: 1.4.2 (/opt/ros/humble/share/turtlesim/cmake)
[2.630s] Error parsing '/home/tiger/æ¡Œé¢/turtle_chase_package/package.xml':
[2.771s] Traceback (most recent call last):
[2.771s]   File "/opt/ros/humble/share/ament_cmake_core/cmake/core/package_xml_2_cmake.py", line 150, in <module>
[2.771s]     main()
[2.771s]   File "/opt/ros/humble/share/ament_cmake_core/cmake/core/package_xml_2_cmake.py", line 53, in main
[2.771s]     raise e
[2.771s]   File "/opt/ros/humble/share/ament_cmake_core/cmake/core/package_xml_2_cmake.py", line 49, in main
[2.771s]     package = parse_package_string(
[2.771s]   File "/usr/lib/python3/dist-packages/catkin_pkg/package.py", line 788, in parse_package_string
[2.783s]     pkg.validate(warnings=warnings)
[2.783s]   File "/usr/lib/python3/dist-packages/catkin_pkg/package.py", line 330, in validate
[2.783s]     raise InvalidPackage('\n'.join(errors), self.filename)
[2.783s] catkin_pkg.package.InvalidPackage: Error(s) in package '/home/tiger/æ¡Œé¢/turtle_chase_package/package.xml':
[2.783s] Package name "turtle_chase_packa                                                                                    ge" does not follow naming conventions
[2.841s] [31mCMake Error at /opt/ros/humble/share/ament_cmake_core/cmake/core/ament_package_xml.cmake:95 (message):
[2.842s]   execute_process(/usr/bin/python3
[2.845s]   /opt/ros/humble/share/ament_cmake_core/cmake/core/package_xml_2_cmake.py
[2.845s]   /home/tiger/æ¡Œé¢/turtle_chase_package/package.xml
[2.845s]   /home/tiger/æ¡Œé¢/turtle_chase_package/build/turtle_chase_package/ament_cmake_core/package.cmake)
[2.845s]   returned error code 1
[2.845s] Call Stack (most recent call first):
[2.845s]   /opt/ros/humble/share/ament_cmake_core/cmake/core/ament_package_xml.cmake:49 (_ament_package_xml)
[2.845s]   /opt/ros/humble/share/ament_cmake_core/cmake/core/ament_package.cmake:63 (ament_package_xml)
[2.845s]   CMakeLists.txt:28 (ament_package)
[2.845s] 
[2.846s] [0m
[2.854s] -- Configuring incomplete, errors occurred!
[2.854s] See also "/home/tiger/æ¡Œé¢/turtle_chase_package/build/turtle_chase_package/CMakeFiles/CMakeOutput.log".
[2.884s] gmake: *** [Makefile:267ï¼šcmake_check_build_system] é”™è¯¯ 1
[2.894s] Invoked command in '/home/tiger/æ¡Œé¢/turtle_chase_package/build/turtle_chase_package' returned '2': /usr/bin/cmake --build /home/tiger/æ¡Œé¢/turtle_chase_package/build/turtle_chase_package -- -j1 -l1
